Using pre-set license
Built from '2020.3/release' branch; Version is '2020.3.2f1 (8fd9074bf66c) revision 9427207'; Using compiler version '192528614'; Build Type 'Release'
OS: 'Windows 10 Pro; OS build 19043.1526; Version 2009; 64bit' Language: 'en' Physical Memory: 8050 MB
BatchMode: 1, IsHumanControllingUs: 0, StartBugReporterOnCrash: 0, Is64bit: 1, IsPro: 0

 COMMAND LINE ARGUMENTS:
C:\Program Files\UnityProjects\2020.3.2f1\Editor\Unity.exe
-adb2
-batchMode
-noUpm
-name
AssetImportWorker0
-projectPath
D:/Gameswith/TISY
-logFile
Logs/AssetImportWorker0.log
-srvPort
59971
Successfully changed project path to: D:/Gameswith/TISY
D:/Gameswith/TISY
Using Asset Import Pipeline V2.
Refreshing native plugins compatible for Editor in 48.97 ms, found 1 plugins.
Preloading 0 native plugins for Editor in 0.00 ms.
Initialize engine version: 2020.3.2f1 (8fd9074bf66c)
[Subsystems] Discovering subsystems at path C:/Program Files/UnityProjects/2020.3.2f1/Editor/Data/Resources/UnitySubsystems
[Subsystems] Discovering subsystems at path D:/Gameswith/TISY/Assets
GfxDevice: creating device client; threaded=0
Direct3D:
    Version:  Direct3D 11.0 [level 11.1]
    Renderer: NVIDIA GeForce GTX 1050 (ID=0x1c91)
    Vendor:   
    VRAM:     2996 MB
    Driver:   30.0.15.1165
Shader 'Universal Render Pipeline/Particles/Lit': fallback shader 'Universal Render Pipeline/Particles/SimpleLit' not found
Initialize mono
Mono path[0] = 'C:/Program Files/UnityProjects/2020.3.2f1/Editor/Data/Managed'
Mono path[1] = 'C:/Program Files/UnityProjects/2020.3.2f1/Editor/Data/MonoBleedingEdge/lib/mono/unityjit'
Mono config path = 'C:/Program Files/UnityProjects/2020.3.2f1/Editor/Data/MonoBleedingEdge/etc'
Using monoOptions --debugger-agent=transport=dt_socket,embedding=1,server=y,suspend=n,address=127.0.0.1:56088
Begin MonoManager ReloadAssembly
Registering precompiled unity dll's ...
Register platform support module: C:/Program Files/UnityProjects/2020.3.2f1/Editor/Data/PlaybackEngines/WindowsStandaloneSupport/UnityEditor.WindowsStandalone.Extensions.dll
Registered in 0.001860 seconds.
Native extension for WindowsStandalone target not found
Refreshing native plugins compatible for Editor in 52.14 ms, found 1 plugins.
Preloading 0 native plugins for Editor in 0.00 ms.
Invoked RoslynAnalysisRunner static constructor.
RoslynAnalysisRunner will not be running.
RoslynAnalysisRunner has terminated.
Mono: successfully reloaded assembly
- Completed reload, in  1.820 seconds
Platform modules already initialized, skipping
Registering precompiled user dll's ...
Registered in 0.001627 seconds.
Begin MonoManager ReloadAssembly
Native extension for WindowsStandalone target not found
Refreshing native plugins compatible for Editor in 56.42 ms, found 1 plugins.
Preloading 0 native plugins for Editor in 0.00 ms.
Invoked RoslynAnalysisRunner static constructor.
RoslynAnalysisRunner will not be running.
RoslynAnalysisRunner has terminated.
Mono: successfully reloaded assembly
- Completed reload, in  1.245 seconds
Platform modules already initialized, skipping
========================================================================
Worker process is ready to serve import requests
Shader 'Universal Render Pipeline/Particles/Lit': fallback shader 'Universal Render Pipeline/Particles/SimpleLit' not found
Launched and connected shader compiler UnityShaderCompiler.exe after 0.08 seconds
Refreshing native plugins compatible for Editor in 0.54 ms, found 1 plugins.
Preloading 0 native plugins for Editor in 0.00 ms.
Unloading 3107 Unused Serialized files (Serialized files now loaded: 0)
System memory in use before: 135.5 MB.
System memory in use after: 135.6 MB.

Unloading 26 unused Assets to reduce memory usage. Loaded Objects now: 3549.
Total: 3.056400 ms (FindLiveObjects: 0.586100 ms CreateObjectMapping: 0.269900 ms MarkObjects: 2.043800 ms  DeleteObjects: 0.155300 ms)

========================================================================
Received Import Request.
  path: Assets/Scripts/GameScene/FloorGenerator.cs
  artifactKey: Guid(6a2abdc4953796744856ffcfd5d088ea) Importer(815301076,1909f56bfc062723c751e8b465ee728b)
Start importing Assets/Scripts/GameScene/FloorGenerator.cs using Guid(6a2abdc4953796744856ffcfd5d088ea) Importer(815301076,1909f56bfc062723c751e8b465ee728b)  -> (artifact id: 'b0111145aef0a1c94633357b6023b286') in 0.079988 seconds
  Import took 0.105523 seconds .

========================================================================
Received Import Request.
  Time since last request: 85.715187 seconds.
  path: Assets/Scripts/GameScene/FloorGenerator.cs
  artifactKey: Guid(6a2abdc4953796744856ffcfd5d088ea) Importer(815301076,1909f56bfc062723c751e8b465ee728b)
Start importing Assets/Scripts/GameScene/FloorGenerator.cs using Guid(6a2abdc4953796744856ffcfd5d088ea) Importer(815301076,1909f56bfc062723c751e8b465ee728b)  -> (artifact id: 'a8adf037ab4d288d200f40e892745edd') in 0.013254 seconds
  Import took 0.051406 seconds .

========================================================================
Received Prepare
Registering precompiled user dll's ...
Registered in 0.002392 seconds.
Begin MonoManager ReloadAssembly
Native extension for WindowsStandalone target not found
Refreshing native plugins compatible for Editor in 0.47 ms, found 1 plugins.
Preloading 0 native plugins for Editor in 0.00 ms.
Invoked RoslynAnalysisRunner static constructor.
RoslynAnalysisRunner will not be running.
RoslynAnalysisRunner has terminated.
Mono: successfully reloaded assembly
- Completed reload, in  0.877 seconds
Platform modules already initialized, skipping
Shader 'Universal Render Pipeline/Particles/Lit': fallback shader 'Universal Render Pipeline/Particles/SimpleLit' not found
Refreshing native plugins compatible for Editor in 0.51 ms, found 1 plugins.
Preloading 0 native plugins for Editor in 0.00 ms.
Unloading 2996 Unused Serialized files (Serialized files now loaded: 0)
System memory in use before: 128.5 MB.
System memory in use after: 128.6 MB.

Unloading 14 unused Assets to reduce memory usage. Loaded Objects now: 3553.
Total: 3.686800 ms (FindLiveObjects: 0.370400 ms CreateObjectMapping: 0.169100 ms MarkObjects: 3.027900 ms  DeleteObjects: 0.118300 ms)

========================================================================
Received Import Request.
  Time since last request: 45.545905 seconds.
  path: Assets/Scripts/GameScene/FloorGenerator.cs
  artifactKey: Guid(6a2abdc4953796744856ffcfd5d088ea) Importer(815301076,1909f56bfc062723c751e8b465ee728b)
Start importing Assets/Scripts/GameScene/FloorGenerator.cs using Guid(6a2abdc4953796744856ffcfd5d088ea) Importer(815301076,1909f56bfc062723c751e8b465ee728b)  -> (artifact id: 'c1100e06774786e277f41c24b2bfa38a') in 0.008211 seconds
  Import took 0.460066 seconds .

========================================================================
Received Prepare
Registering precompiled user dll's ...
Registered in 0.002229 seconds.
Begin MonoManager ReloadAssembly
Native extension for WindowsStandalone target not found
Refreshing native plugins compatible for Editor in 0.51 ms, found 1 plugins.
Preloading 0 native plugins for Editor in 0.00 ms.
Invoked RoslynAnalysisRunner static constructor.
RoslynAnalysisRunner will not be running.
RoslynAnalysisRunner has terminated.
Mono: successfully reloaded assembly
- Completed reload, in  0.939 seconds
Platform modules already initialized, skipping
Shader 'Universal Render Pipeline/Particles/Lit': fallback shader 'Universal Render Pipeline/Particles/SimpleLit' not found
Refreshing native plugins compatible for Editor in 0.49 ms, found 1 plugins.
Preloading 0 native plugins for Editor in 0.00 ms.
Unloading 2996 Unused Serialized files (Serialized files now loaded: 0)
System memory in use before: 128.5 MB.
System memory in use after: 128.6 MB.

Unloading 14 unused Assets to reduce memory usage. Loaded Objects now: 3557.
Total: 2.620000 ms (FindLiveObjects: 0.288400 ms CreateObjectMapping: 0.155700 ms MarkObjects: 2.074500 ms  DeleteObjects: 0.100600 ms)

========================================================================
Received Import Request.
  Time since last request: 34.943386 seconds.
  path: Assets/Scripts/GameScene/FloorGenerator.cs
  artifactKey: Guid(6a2abdc4953796744856ffcfd5d088ea) Importer(815301076,1909f56bfc062723c751e8b465ee728b)
Start importing Assets/Scripts/GameScene/FloorGenerator.cs using Guid(6a2abdc4953796744856ffcfd5d088ea) Importer(815301076,1909f56bfc062723c751e8b465ee728b)  -> (artifact id: '6d5ed0b2eea23d095eb6102447d4c9e7') in 0.008895 seconds
  Import took 0.027254 seconds .

========================================================================
Received Prepare
Registering precompiled user dll's ...
Registered in 0.001715 seconds.
Begin MonoManager ReloadAssembly
Native extension for WindowsStandalone target not found
Refreshing native plugins compatible for Editor in 0.49 ms, found 1 plugins.
Preloading 0 native plugins for Editor in 0.00 ms.
Invoked RoslynAnalysisRunner static constructor.
RoslynAnalysisRunner will not be running.
RoslynAnalysisRunner has terminated.
Mono: successfully reloaded assembly
- Completed reload, in  0.891 seconds
Platform modules already initialized, skipping
Shader 'Universal Render Pipeline/Particles/Lit': fallback shader 'Universal Render Pipeline/Particles/SimpleLit' not found
Refreshing native plugins compatible for Editor in 0.85 ms, found 1 plugins.
Preloading 0 native plugins for Editor in 0.00 ms.
Unloading 2996 Unused Serialized files (Serialized files now loaded: 0)
System memory in use before: 128.6 MB.
System memory in use after: 128.7 MB.

Unloading 14 unused Assets to reduce memory usage. Loaded Objects now: 3561.
Total: 3.733400 ms (FindLiveObjects: 0.415900 ms CreateObjectMapping: 0.212400 ms MarkObjects: 2.984400 ms  DeleteObjects: 0.119200 ms)

========================================================================
Received Import Request.
  Time since last request: 18.218960 seconds.
  path: Assets/Scripts/GameScene/Floor.cs
  artifactKey: Guid(8ef1face82b996747b0f76a24f25aa38) Importer(815301076,1909f56bfc062723c751e8b465ee728b)
Start importing Assets/Scripts/GameScene/Floor.cs using Guid(8ef1face82b996747b0f76a24f25aa38) Importer(815301076,1909f56bfc062723c751e8b465ee728b)  -> (artifact id: '3a4f0998ce22472599566b462fd54604') in 0.016951 seconds
  Import took 0.047768 seconds .

========================================================================
Received Prepare
Registering precompiled user dll's ...
Registered in 0.001574 seconds.
Begin MonoManager ReloadAssembly
Native extension for WindowsStandalone target not found
Refreshing native plugins compatible for Editor in 0.48 ms, found 1 plugins.
Preloading 0 native plugins for Editor in 0.00 ms.
Invoked RoslynAnalysisRunner static constructor.
RoslynAnalysisRunner will not be running.
RoslynAnalysisRunner has terminated.
Mono: successfully reloaded assembly
- Completed reload, in  0.832 seconds
Platform modules already initialized, skipping
Shader 'Universal Render Pipeline/Particles/Lit': fallback shader 'Universal Render Pipeline/Particles/SimpleLit' not found
Refreshing native plugins compatible for Editor in 0.48 ms, found 1 plugins.
Preloading 0 native plugins for Editor in 0.00 ms.
Unloading 2996 Unused Serialized files (Serialized files now loaded: 0)
System memory in use before: 128.6 MB.
System memory in use after: 128.7 MB.

Unloading 14 unused Assets to reduce memory usage. Loaded Objects now: 3565.
Total: 3.695700 ms (FindLiveObjects: 0.330500 ms CreateObjectMapping: 0.184300 ms MarkObjects: 3.068300 ms  DeleteObjects: 0.111100 ms)

========================================================================
Received Import Request.
  Time since last request: 19.010126 seconds.
  path: Assets/Scripts/GameScene/Floor.cs
  artifactKey: Guid(8ef1face82b996747b0f76a24f25aa38) Importer(815301076,1909f56bfc062723c751e8b465ee728b)
Start importing Assets/Scripts/GameScene/Floor.cs using Guid(8ef1face82b996747b0f76a24f25aa38) Importer(815301076,1909f56bfc062723c751e8b465ee728b)  -> (artifact id: '8c432ff9fe366f2bd533cc163f558602') in 0.005362 seconds
  Import took 0.106733 seconds .

========================================================================
Received Import Request.
  Time since last request: 11.734011 seconds.
  path: Assets/Scripts/GameScene/Floor.cs
  artifactKey: Guid(8ef1face82b996747b0f76a24f25aa38) Importer(815301076,1909f56bfc062723c751e8b465ee728b)
Start importing Assets/Scripts/GameScene/Floor.cs using Guid(8ef1face82b996747b0f76a24f25aa38) Importer(815301076,1909f56bfc062723c751e8b465ee728b)  -> (artifact id: '8a18a3f79dbd1238f1730fd5b6ec2764') in 0.005035 seconds
  Import took 0.025261 seconds .

========================================================================
Received Prepare
Registering precompiled user dll's ...
Registered in 0.001512 seconds.
Begin MonoManager ReloadAssembly
Native extension for WindowsStandalone target not found
Refreshing native plugins compatible for Editor in 0.47 ms, found 1 plugins.
Preloading 0 native plugins for Editor in 0.00 ms.
Invoked RoslynAnalysisRunner static constructor.
RoslynAnalysisRunner will not be running.
RoslynAnalysisRunner has terminated.
Mono: successfully reloaded assembly
- Completed reload, in  0.883 seconds
Platform modules already initialized, skipping
Shader 'Universal Render Pipeline/Particles/Lit': fallback shader 'Universal Render Pipeline/Particles/SimpleLit' not found
Refreshing native plugins compatible for Editor in 0.51 ms, found 1 plugins.
Preloading 0 native plugins for Editor in 0.00 ms.
Unloading 2996 Unused Serialized files (Serialized files now loaded: 0)
System memory in use before: 128.6 MB.
System memory in use after: 128.7 MB.

Unloading 14 unused Assets to reduce memory usage. Loaded Objects now: 3569.
Total: 2.858600 ms (FindLiveObjects: 0.268100 ms CreateObjectMapping: 0.138300 ms MarkObjects: 2.273400 ms  DeleteObjects: 0.178100 ms)

========================================================================
Received Import Request.
  Time since last request: 54.614868 seconds.
  path: Assets/Scripts/GameScene/Floor.cs
  artifactKey: Guid(8ef1face82b996747b0f76a24f25aa38) Importer(815301076,1909f56bfc062723c751e8b465ee728b)
Start importing Assets/Scripts/GameScene/Floor.cs using Guid(8ef1face82b996747b0f76a24f25aa38) Importer(815301076,1909f56bfc062723c751e8b465ee728b)  -> (artifact id: '66af21f599748c94b8903b88d93a6d31') in 0.005243 seconds
  Import took 0.027026 seconds .

========================================================================
Received Prepare
Registering precompiled user dll's ...
Registered in 0.001516 seconds.
Begin MonoManager ReloadAssembly
Native extension for WindowsStandalone target not found
Refreshing native plugins compatible for Editor in 0.64 ms, found 1 plugins.
Preloading 0 native plugins for Editor in 0.00 ms.
Invoked RoslynAnalysisRunner static constructor.
RoslynAnalysisRunner will not be running.
RoslynAnalysisRunner has terminated.
Mono: successfully reloaded assembly
- Completed reload, in  0.832 seconds
Platform modules already initialized, skipping
Shader 'Universal Render Pipeline/Particles/Lit': fallback shader 'Universal Render Pipeline/Particles/SimpleLit' not found
Refreshing native plugins compatible for Editor in 0.49 ms, found 1 plugins.
Preloading 0 native plugins for Editor in 0.00 ms.
Unloading 2996 Unused Serialized files (Serialized files now loaded: 0)
System memory in use before: 128.6 MB.
System memory in use after: 128.7 MB.

Unloading 14 unused Assets to reduce memory usage. Loaded Objects now: 3573.
Total: 2.850300 ms (FindLiveObjects: 0.427900 ms CreateObjectMapping: 0.142700 ms MarkObjects: 2.164900 ms  DeleteObjects: 0.113800 ms)

========================================================================
Received Prepare
Registering precompiled user dll's ...
Registered in 0.001526 seconds.
Begin MonoManager ReloadAssembly
Native extension for WindowsStandalone target not found
Refreshing native plugins compatible for Editor in 0.47 ms, found 1 plugins.
Preloading 0 native plugins for Editor in 0.00 ms.
Invoked RoslynAnalysisRunner static constructor.
RoslynAnalysisRunner will not be running.
RoslynAnalysisRunner has terminated.
Mono: successfully reloaded assembly
- Completed reload, in  0.831 seconds
Platform modules already initialized, skipping
Shader 'Universal Render Pipeline/Particles/Lit': fallback shader 'Universal Render Pipeline/Particles/SimpleLit' not found
Refreshing native plugins compatible for Editor in 0.50 ms, found 1 plugins.
Preloading 0 native plugins for Editor in 0.00 ms.
Unloading 2996 Unused Serialized files (Serialized files now loaded: 0)
System memory in use before: 128.6 MB.
System memory in use after: 128.7 MB.

Unloading 14 unused Assets to reduce memory usage. Loaded Objects now: 3577.
Total: 2.406200 ms (FindLiveObjects: 0.309600 ms CreateObjectMapping: 0.130400 ms MarkObjects: 1.866800 ms  DeleteObjects: 0.098200 ms)

========================================================================
Received Prepare
Registering precompiled user dll's ...
Registered in 0.001475 seconds.
Begin MonoManager ReloadAssembly
Native extension for WindowsStandalone target not found
Refreshing native plugins compatible for Editor in 0.48 ms, found 1 plugins.
Preloading 0 native plugins for Editor in 0.00 ms.
Invoked RoslynAnalysisRunner static constructor.
RoslynAnalysisRunner will not be running.
RoslynAnalysisRunner has terminated.
Mono: successfully reloaded assembly
- Completed reload, in  0.840 seconds
Platform modules already initialized, skipping
Shader 'Universal Render Pipeline/Particles/Lit': fallback shader 'Universal Render Pipeline/Particles/SimpleLit' not found
Refreshing native plugins compatible for Editor in 0.50 ms, found 1 plugins.
Preloading 0 native plugins for Editor in 0.00 ms.
Unloading 2996 Unused Serialized files (Serialized files now loaded: 0)
System memory in use before: 128.6 MB.
System memory in use after: 128.7 MB.

Unloading 14 unused Assets to reduce memory usage. Loaded Objects now: 3581.
Total: 2.776900 ms (FindLiveObjects: 0.339100 ms CreateObjectMapping: 0.101000 ms MarkObjects: 2.217200 ms  DeleteObjects: 0.117900 ms)

========================================================================
Received Import Request.
  Time since last request: 159.712734 seconds.
  path: Assets/Scripts/GameScene/GameMaster2D.cs
  artifactKey: Guid(38ddfbde3ddc41248b3d507f8ade70d0) Importer(815301076,1909f56bfc062723c751e8b465ee728b)
Start importing Assets/Scripts/GameScene/GameMaster2D.cs using Guid(38ddfbde3ddc41248b3d507f8ade70d0) Importer(815301076,1909f56bfc062723c751e8b465ee728b)  -> (artifact id: '436476187030393ff1ea3166c0425f13') in 0.024161 seconds
  Import took 0.029899 seconds .

========================================================================
Received Prepare
Registering precompiled user dll's ...
Registered in 0.001552 seconds.
Begin MonoManager ReloadAssembly
Native extension for WindowsStandalone target not found
Refreshing native plugins compatible for Editor in 0.47 ms, found 1 plugins.
Preloading 0 native plugins for Editor in 0.00 ms.
Invoked RoslynAnalysisRunner static constructor.
RoslynAnalysisRunner will not be running.
RoslynAnalysisRunner has terminated.
Mono: successfully reloaded assembly
- Completed reload, in  0.809 seconds
Platform modules already initialized, skipping
Shader 'Universal Render Pipeline/Particles/Lit': fallback shader 'Universal Render Pipeline/Particles/SimpleLit' not found
Refreshing native plugins compatible for Editor in 0.49 ms, found 1 plugins.
Preloading 0 native plugins for Editor in 0.00 ms.
Unloading 2996 Unused Serialized files (Serialized files now loaded: 0)
System memory in use before: 128.6 MB.
System memory in use after: 128.7 MB.

Unloading 14 unused Assets to reduce memory usage. Loaded Objects now: 3585.
Total: 2.567400 ms (FindLiveObjects: 0.317100 ms CreateObjectMapping: 0.142700 ms MarkObjects: 2.001000 ms  DeleteObjects: 0.105500 ms)

========================================================================
Received Prepare
Registering precompiled user dll's ...
Registered in 0.001595 seconds.
Begin MonoManager ReloadAssembly
Native extension for WindowsStandalone target not found
Refreshing native plugins compatible for Editor in 0.47 ms, found 1 plugins.
Preloading 0 native plugins for Editor in 0.00 ms.
Invoked RoslynAnalysisRunner static constructor.
RoslynAnalysisRunner will not be running.
RoslynAnalysisRunner has terminated.
Mono: successfully reloaded assembly
- Completed reload, in  0.795 seconds
Platform modules already initialized, skipping
Shader 'Universal Render Pipeline/Particles/Lit': fallback shader 'Universal Render Pipeline/Particles/SimpleLit' not found
Refreshing native plugins compatible for Editor in 0.50 ms, found 1 plugins.
Preloading 0 native plugins for Editor in 0.00 ms.
Unloading 2996 Unused Serialized files (Serialized files now loaded: 0)
System memory in use before: 128.7 MB.
System memory in use after: 128.7 MB.

Unloading 14 unused Assets to reduce memory usage. Loaded Objects now: 3589.
Total: 2.659800 ms (FindLiveObjects: 0.364200 ms CreateObjectMapping: 0.126000 ms MarkObjects: 2.063000 ms  DeleteObjects: 0.105600 ms)

========================================================================
Received Import Request.
  Time since last request: 110.919141 seconds.
  path: Assets/Scripts/ScoreScreen/ScoreScreenGameMaster.cs
  artifactKey: Guid(e37cd1b765d2b314ea7e23d52f0e91f9) Importer(815301076,1909f56bfc062723c751e8b465ee728b)
Start importing Assets/Scripts/ScoreScreen/ScoreScreenGameMaster.cs using Guid(e37cd1b765d2b314ea7e23d52f0e91f9) Importer(815301076,1909f56bfc062723c751e8b465ee728b)  -> (artifact id: '0f5c6ffd6329f961894a0f9726d0bbca') in 0.008118 seconds
  Import took 0.016333 seconds .

========================================================================
Received Prepare
Registering precompiled user dll's ...
Registered in 0.001518 seconds.
Begin MonoManager ReloadAssembly
Native extension for WindowsStandalone target not found
Refreshing native plugins compatible for Editor in 0.49 ms, found 1 plugins.
Preloading 0 native plugins for Editor in 0.00 ms.
Invoked RoslynAnalysisRunner static constructor.
RoslynAnalysisRunner will not be running.
RoslynAnalysisRunner has terminated.
Mono: successfully reloaded assembly
- Completed reload, in  0.921 seconds
Platform modules already initialized, skipping
Shader 'Universal Render Pipeline/Particles/Lit': fallback shader 'Universal Render Pipeline/Particles/SimpleLit' not found
Refreshing native plugins compatible for Editor in 0.50 ms, found 1 plugins.
Preloading 0 native plugins for Editor in 0.00 ms.
Unloading 2996 Unused Serialized files (Serialized files now loaded: 0)
System memory in use before: 128.7 MB.
System memory in use after: 128.8 MB.

Unloading 14 unused Assets to reduce memory usage. Loaded Objects now: 3593.
Total: 3.301300 ms (FindLiveObjects: 0.421000 ms CreateObjectMapping: 0.165300 ms MarkObjects: 2.611800 ms  DeleteObjects: 0.102300 ms)

========================================================================
Received Import Request.
  Time since last request: 66.946177 seconds.
  path: Assets/Scripts/ScoreScreen/ScoreScreenGameMaster.cs
  artifactKey: Guid(e37cd1b765d2b314ea7e23d52f0e91f9) Importer(815301076,1909f56bfc062723c751e8b465ee728b)
Start importing Assets/Scripts/ScoreScreen/ScoreScreenGameMaster.cs using Guid(e37cd1b765d2b314ea7e23d52f0e91f9) Importer(815301076,1909f56bfc062723c751e8b465ee728b)  -> (artifact id: 'b354ed9b29cf8337f6485a892a85b2ab') in 0.006404 seconds
  Import took 0.011353 seconds .

========================================================================
Received Import Request.
  Time since last request: 0.001499 seconds.
  path: Assets/Scripts/ScoreScreen/ScoreScreenGameMaster.cs
  artifactKey: Guid(e37cd1b765d2b314ea7e23d52f0e91f9) Importer(815301076,1909f56bfc062723c751e8b465ee728b)
Start importing Assets/Scripts/ScoreScreen/ScoreScreenGameMaster.cs using Guid(e37cd1b765d2b314ea7e23d52f0e91f9) Importer(815301076,1909f56bfc062723c751e8b465ee728b)  -> (artifact id: 'b354ed9b29cf8337f6485a892a85b2ab') in 0.002341 seconds
  Import took 0.018680 seconds .

========================================================================
Received Prepare
Registering precompiled user dll's ...
Registered in 0.001574 seconds.
Begin MonoManager ReloadAssembly
Native extension for WindowsStandalone target not found
Refreshing native plugins compatible for Editor in 0.46 ms, found 1 plugins.
Preloading 0 native plugins for Editor in 0.00 ms.
Invoked RoslynAnalysisRunner static constructor.
RoslynAnalysisRunner will not be running.
RoslynAnalysisRunner has terminated.
Mono: successfully reloaded assembly
- Completed reload, in  0.812 seconds
Platform modules already initialized, skipping
Shader 'Universal Render Pipeline/Particles/Lit': fallback shader 'Universal Render Pipeline/Particles/SimpleLit' not found
Refreshing native plugins compatible for Editor in 0.50 ms, found 1 plugins.
Preloading 0 native plugins for Editor in 0.00 ms.
Unloading 2996 Unused Serialized files (Serialized files now loaded: 0)
System memory in use before: 128.7 MB.
System memory in use after: 128.8 MB.

Unloading 14 unused Assets to reduce memory usage. Loaded Objects now: 3597.
Total: 2.834600 ms (FindLiveObjects: 0.382700 ms CreateObjectMapping: 0.137600 ms MarkObjects: 2.208000 ms  DeleteObjects: 0.104900 ms)

========================================================================
Received Prepare
Registering precompiled user dll's ...
Registered in 0.001430 seconds.
Begin MonoManager ReloadAssembly
Native extension for WindowsStandalone target not found
Refreshing native plugins compatible for Editor in 0.73 ms, found 1 plugins.
Preloading 0 native plugins for Editor in 0.00 ms.
Invoked RoslynAnalysisRunner static constructor.
RoslynAnalysisRunner will not be running.
RoslynAnalysisRunner has terminated.
Mono: successfully reloaded assembly
- Completed reload, in  0.913 seconds
Platform modules already initialized, skipping
Shader 'Universal Render Pipeline/Particles/Lit': fallback shader 'Universal Render Pipeline/Particles/SimpleLit' not found
Refreshing native plugins compatible for Editor in 0.49 ms, found 1 plugins.
Preloading 0 native plugins for Editor in 0.00 ms.
Unloading 2996 Unused Serialized files (Serialized files now loaded: 0)
System memory in use before: 128.7 MB.
System memory in use after: 128.8 MB.

Unloading 14 unused Assets to reduce memory usage. Loaded Objects now: 3601.
Total: 2.760100 ms (FindLiveObjects: 0.298100 ms CreateObjectMapping: 0.125900 ms MarkObjects: 2.228900 ms  DeleteObjects: 0.105800 ms)

========================================================================
Received Prepare
Registering precompiled user dll's ...
Registered in 0.001522 seconds.
Begin MonoManager ReloadAssembly
Native extension for WindowsStandalone target not found
Refreshing native plugins compatible for Editor in 0.47 ms, found 1 plugins.
Preloading 0 native plugins for Editor in 0.00 ms.
Invoked RoslynAnalysisRunner static constructor.
RoslynAnalysisRunner will not be running.
RoslynAnalysisRunner has terminated.
Mono: successfully reloaded assembly
- Completed reload, in  0.794 seconds
Platform modules already initialized, skipping
Shader 'Universal Render Pipeline/Particles/Lit': fallback shader 'Universal Render Pipeline/Particles/SimpleLit' not found
Refreshing native plugins compatible for Editor in 0.49 ms, found 1 plugins.
Preloading 0 native plugins for Editor in 0.00 ms.
Unloading 2996 Unused Serialized files (Serialized files now loaded: 0)
System memory in use before: 128.7 MB.
System memory in use after: 128.8 MB.

Unloading 14 unused Assets to reduce memory usage. Loaded Objects now: 3605.
Total: 2.423500 ms (FindLiveObjects: 0.287300 ms CreateObjectMapping: 0.153800 ms MarkObjects: 1.870600 ms  DeleteObjects: 0.110700 ms)

========================================================================
Received Prepare
Shader 'Universal Render Pipeline/Particles/Lit': fallback shader 'Universal Render Pipeline/Particles/SimpleLit' not found
Refreshing native plugins compatible for Editor in 1.94 ms, found 1 plugins.
Preloading 0 native plugins for Editor in 0.00 ms.
Unloading 11 Unused Serialized files (Serialized files now loaded: 0)
System memory in use before: 69.7 MB.
System memory in use after: 69.8 MB.

Unloading 11 unused Assets to reduce memory usage. Loaded Objects now: 3605.
Total: 3.029300 ms (FindLiveObjects: 0.532400 ms CreateObjectMapping: 0.182500 ms MarkObjects: 2.198900 ms  DeleteObjects: 0.114600 ms)

========================================================================
Received Prepare
Registering precompiled user dll's ...
Registered in 0.001452 seconds.
Begin MonoManager ReloadAssembly
Native extension for WindowsStandalone target not found
Refreshing native plugins compatible for Editor in 0.51 ms, found 1 plugins.
Preloading 0 native plugins for Editor in 0.00 ms.
Invoked RoslynAnalysisRunner static constructor.
RoslynAnalysisRunner will not be running.
RoslynAnalysisRunner has terminated.
Mono: successfully reloaded assembly
- Completed reload, in  2.117 seconds
Platform modules already initialized, skipping
Shader 'Universal Render Pipeline/Particles/Lit': fallback shader 'Universal Render Pipeline/Particles/SimpleLit' not found
Refreshing native plugins compatible for Editor in 0.57 ms, found 1 plugins.
Preloading 0 native plugins for Editor in 0.00 ms.
Unloading 2996 Unused Serialized files (Serialized files now loaded: 0)
System memory in use before: 128.7 MB.
System memory in use after: 128.8 MB.

Unloading 14 unused Assets to reduce memory usage. Loaded Objects now: 3609.
Total: 3.239900 ms (FindLiveObjects: 0.467500 ms CreateObjectMapping: 0.178200 ms MarkObjects: 2.396300 ms  DeleteObjects: 0.196100 ms)

========================================================================
Received Prepare
Shader 'Universal Render Pipeline/Particles/Lit': fallback shader 'Universal Render Pipeline/Particles/SimpleLit' not found
Refreshing native plugins compatible for Editor in 1.89 ms, found 1 plugins.
Preloading 0 native plugins for Editor in 0.00 ms.
Unloading 11 Unused Serialized files (Serialized files now loaded: 0)
System memory in use before: 69.7 MB.
System memory in use after: 69.8 MB.

Unloading 11 unused Assets to reduce memory usage. Loaded Objects now: 3609.
Total: 3.025400 ms (FindLiveObjects: 0.729600 ms CreateObjectMapping: 0.281700 ms MarkObjects: 1.894200 ms  DeleteObjects: 0.118000 ms)

========================================================================
Received Import Request.
  Time since last request: 562.365324 seconds.
  path: Assets/Scenes/GameScene.unity
  artifactKey: Guid(2cda990e2423bbf4892e6590ba056729) Importer(815301076,1909f56bfc062723c751e8b465ee728b)
Start importing Assets/Scenes/GameScene.unity using Guid(2cda990e2423bbf4892e6590ba056729) Importer(815301076,1909f56bfc062723c751e8b465ee728b)  -> (artifact id: '1c9be26e1f2e30b05f6157d8c8e1adb0') in 0.016275 seconds
  Import took 0.051486 seconds .

========================================================================
Received Prepare
Shader 'Universal Render Pipeline/Particles/Lit': fallback shader 'Universal Render Pipeline/Particles/SimpleLit' not found
Refreshing native plugins compatible for Editor in 2.06 ms, found 1 plugins.
Preloading 0 native plugins for Editor in 0.00 ms.
Unloading 11 Unused Serialized files (Serialized files now loaded: 0)
System memory in use before: 69.7 MB.
System memory in use after: 69.8 MB.

Unloading 11 unused Assets to reduce memory usage. Loaded Objects now: 3609.
Total: 2.702200 ms (FindLiveObjects: 0.321200 ms CreateObjectMapping: 0.147300 ms MarkObjects: 2.132400 ms  DeleteObjects: 0.100600 ms)

AssetImportWorkerClient::OnTransportError - code=2 error=End of file
